<?xml version="1.0" encoding="UTF-8"?>
<!-- Generated by org.testng.reporters.JUnitXMLReporter -->
<testsuite ignored="0" hostname="LAPTOP-87IOS1QL" failures="0" tests="5" name="Default test" time="42.713" errors="0" timestamp="19 Dec 2020 17:45:42 GMT">
  <testcase classname="E2EFramework.TC04_AmazonLandingTest" name="verifyMiscAmazon" time="26.594"/>
  <testcase classname="E2EFramework.TC04_AmazonLandingTest" name="verifyAmazonPantrySelection" time="5.36"/>
  <testcase classname="E2EFramework.TC04_AmazonLandingTest" name="leftNavigationBar" time="3.412"/>
  <testcase classname="E2EFramework.TC04_AmazonLandingTest" name="validateChangeCountryFunctionality" time="3.509"/>
  <testcase classname="E2EFramework.TC04_AmazonLandingTest" name="validateCountriesDropdown" time="0.443"/>
</testsuite> <!-- Default test -->
