<?xml version="1.0" encoding="UTF-8"?>
<!-- Generated by org.testng.reporters.JUnitXMLReporter -->
<testsuite hostname="LAPTOP-87IOS1QL" failures="1" tests="17" name="Test" time="106.605" errors="0" timestamp="1 Jan 2021 16:44:19 GMT">
  <testcase classname="E2EFramework.TC01_LandingPageTest" name="validateLogoTitle" time="6.76"/>
  <testcase classname="E2EFramework.TC01_LandingPageTest" name="validateNewsDropdownLinks" time="1.406"/>
  <testcase classname="E2EFramework.TC01_LandingPageTest" name="validateTeamsLinks" time="1.245">
    <failure type="java.lang.AssertionError" message="Lists differ at element [13]: Belgium != Italy expected [Belgium] but found [Italy]">
      <![CDATA[java.lang.AssertionError: Lists differ at element [13]: Belgium != Italy expected [Belgium] but found [Italy]
	at E2EFramework.TC01_LandingPageTest.validateTeamsLinks(TC01_LandingPageTest.java:137)
... Removed 29 stack frames]]>
    </failure>
  </testcase> <!-- validateTeamsLinks -->
  <testcase classname="E2EFramework.TC01_LandingPageTest" name="validateTopBarLinks" time="0.395"/>
  <testcase classname="E2EFramework.TC01_LandingPageTest" name="validateHeadings" time="1.037"/>
  <testcase classname="E2EFramework.TC02_CricketTeamsPasgeTest" name="validateHeadings" time="11.32"/>
  <testcase classname="E2EFramework.TC02_CricketTeamsPasgeTest" name="verifyTeamCategories" time="0.165"/>
  <testcase classname="E2EFramework.TC02_CricketTeamsPasgeTest" name="validateTwitterWidget" time="5.432"/>
  <testcase classname="E2EFramework.TC02_CricketTeamsPasgeTest" name="validateTeamsList" time="0.806"/>
  <testcase classname="E2EFramework.TC02_CricketTeamsPasgeTest" name="validateSearchBox" time="4.104"/>
  <testcase classname="E2EFramework.TC02_CricketTeamsPasgeTest" name="validateSearchBox" time="4.054"/>
  <testcase classname="E2EFramework.TC03_ValidateFooterTest" name="validateFooterLinks" time="28.353"/>
  <testcase classname="E2EFramework.TC04_AmazonLandingTest" name="verifyMiscAmazon" time="12.472"/>
  <testcase classname="E2EFramework.TC04_AmazonLandingTest" name="verifyAmazonPantrySelection" time="5.576"/>
  <testcase classname="E2EFramework.TC04_AmazonLandingTest" name="leftNavigationBar" time="3.625"/>
  <testcase classname="E2EFramework.TC04_AmazonLandingTest" name="validateChangeCountryFunctionality" time="3.604"/>
  <testcase classname="E2EFramework.TC04_AmazonLandingTest" name="validateCountriesDropdown" time="1.037"/>
</testsuite> <!-- Test -->
